\BOOKMARK [0][]{chapter*.3}{\315ndice de tablas}{}% 1
\BOOKMARK [0][]{chapter*.4}{\315ndice de ilustraciones}{}% 2
\BOOKMARK [0][]{chapter*.5}{\315ndice de algoritmos}{}% 3
\BOOKMARK [0][]{chapter*.6}{Resumen}{}% 4
\BOOKMARK [0][]{chapter*.7}{Abstract}{}% 5
\BOOKMARK [0][]{chapter.1}{1 Introducci\363n}{}% 6
\BOOKMARK [1][]{section.1.1}{1.1 Antecedentes y motivaci\363n}{chapter.1}% 7
\BOOKMARK [1][]{section.1.2}{1.2 Descripci\363n del problema}{chapter.1}% 8
\BOOKMARK [1][]{section.1.3}{1.3 Soluci\363n propuesta}{chapter.1}% 9
\BOOKMARK [1][]{section.1.4}{1.4 Objetivos y alcance del proyecto}{chapter.1}% 10
\BOOKMARK [2][]{subsection.1.4.1}{1.4.1 Objetivo general}{section.1.4}% 11
\BOOKMARK [2][]{subsection.1.4.2}{1.4.2 Objetivos espec\355ficos}{section.1.4}% 12
\BOOKMARK [2][]{subsection.1.4.3}{1.4.3 Alcances}{section.1.4}% 13
\BOOKMARK [1][]{section.1.5}{1.5 Metodolog\355a y herramientas utilizadas}{chapter.1}% 14
\BOOKMARK [2][]{subsection.1.5.1}{1.5.1 Metodolog\355a}{section.1.5}% 15
\BOOKMARK [2][]{subsection.1.5.2}{1.5.2 Herramientas de desarrollo}{section.1.5}% 16
\BOOKMARK [1][]{section.1.6}{1.6 Organizaci\363n del documento}{chapter.1}% 17
\BOOKMARK [0][]{chapter.2}{2 Marco Te\363rico}{}% 18
\BOOKMARK [1][]{section.2.1}{2.1 Streaming}{chapter.2}% 19
\BOOKMARK [1][]{section.2.2}{2.2 Stream processing}{chapter.2}% 20
\BOOKMARK [1][]{section.2.3}{2.3 Sistemas de procesamiento de stream}{chapter.2}% 21
\BOOKMARK [2][]{subsection.2.3.1}{2.3.1 S4}{section.2.3}% 22
\BOOKMARK [2][]{subsection.2.3.2}{2.3.2 Storm}{section.2.3}% 23
\BOOKMARK [1][]{section.2.4}{2.4 Elasticidad}{chapter.2}% 24
